[2024-05-20 14:04:37] [ INFO ] [BD:31] tabla creada con exito
[2024-05-20 14:04:37] [ INFO ] [OdontologoDaoH2:35] Odontologo guardado exitosamente
[2024-05-20 14:04:37] [ INFO ] [OdontologoDaoH2:35] Odontologo guardado exitosamente
[2024-05-20 14:04:37] [ INFO ] [OdontologoDaoH2:117] Odontologos buscados exitosamente!
[2024-05-20 14:08:52] [ INFO ] [DomicilioDaoH2:36] Domicilio guardado exitosamente
[2024-05-20 14:08:52] [ INFO ] [BD:31] tabla creada con exito
[2024-05-20 14:08:52] [ INFO ] [OdontologoDaoH2:35] Odontologo guardado exitosamente
[2024-05-20 14:08:52] [ INFO ] [OdontologoDaoH2:35] Odontologo guardado exitosamente
[2024-05-20 14:08:52] [ INFO ] [OdontologoDaoH2:117] Odontologos buscados exitosamente!
[2024-05-20 14:08:52] [ INFO ] [DomicilioDaoH2:36] Domicilio guardado exitosamente
[2024-05-20 14:08:52] [ INFO ] [PacienteDAOH2:22] iniciando la operacion de guardado
[2024-05-20 14:08:52] [ INFO ] [PacienteDAOH2:36] Paciente guardado exitosamente!
[2024-05-20 20:22:34] [ WARN ] [BD:34] org.h2.Driver
[2024-05-20 20:28:20] [ WARN ] [BD:34] org.h2.Driver
[2024-05-20 20:29:28] [ WARN ] [BD:34] org.h2.Driver
[2024-05-20 20:31:16] [ WARN ] [BD:34] org.h2.Driver
[2024-05-20 20:33:21] [ WARN ] [BD:34] org.h2.Driver
[2024-05-20 20:34:37] [ INFO ] [BD:31] tabla creada con exito
[2024-05-20 20:34:37] [ INFO ] [OdontologoDaoH2:35] Odontologo guardado exitosamente
[2024-05-20 20:34:37] [ INFO ] [OdontologoDaoH2:35] Odontologo guardado exitosamente
[2024-05-20 20:34:37] [ INFO ] [OdontologoDaoH2:110] Odontologos buscados exitosamente!
[2024-05-20 20:34:52] [ INFO ] [BD:31] tabla creada con exito
[2024-05-20 20:34:52] [ INFO ] [OdontologoDaoH2:35] Odontologo guardado exitosamente
[2024-05-20 20:34:52] [ INFO ] [OdontologoDaoH2:35] Odontologo guardado exitosamente
[2024-05-20 20:34:52] [ INFO ] [OdontologoDaoH2:110] Odontologos buscados exitosamente!
[2024-05-20 21:05:01] [ INFO ] [BD:31] tabla creada con exito
[2024-05-20 21:05:02] [ INFO ] [OdontologoDaoH2:35] Odontologo guardado exitosamente
[2024-05-20 21:05:02] [ INFO ] [OdontologoDaoH2:35] Odontologo guardado exitosamente
[2024-05-20 21:05:23] [ INFO ] [BD:31] tabla creada con exito
[2024-05-20 21:05:23] [ INFO ] [OdontologoDaoH2:35] Odontologo guardado exitosamente
[2024-05-20 21:05:23] [ INFO ] [OdontologoDaoH2:35] Odontologo guardado exitosamente
[2024-05-20 21:05:42] [ INFO ] [BD:31] tabla creada con exito
[2024-05-20 21:05:42] [ INFO ] [OdontologoDaoH2:35] Odontologo guardado exitosamente
[2024-05-20 21:05:42] [ INFO ] [OdontologoDaoH2:35] Odontologo guardado exitosamente
[2024-05-20 21:05:42] [ INFO ] [PacienteDAOH2:22] iniciando la operacion de guardado
[2024-05-20 21:05:42] [ WARN ] [PacienteDAOH2:39] Cannot invoke "java.lang.Integer.intValue()" because the return value of "com.dh.odontologia.model.Domicilio.getId()" is null
[2024-05-20 21:19:45] [ INFO ] [BD:31] tabla creada con exito
[2024-05-20 21:19:45] [ INFO ] [OdontologoDaoH2:35] Odontologo guardado exitosamente
[2024-05-20 21:19:45] [ INFO ] [OdontologoDaoH2:35] Odontologo guardado exitosamente
[2024-05-20 21:19:45] [ INFO ] [PacienteDAOH2:22] iniciando la operacion de guardado
[2024-05-20 21:19:45] [ INFO ] [DomicilioDaoH2:36] Domicilio guardado exitosamente
[2024-05-20 21:19:45] [ INFO ] [PacienteDAOH2:38] Paciente guardado exitosamente!
[2024-05-20 21:31:24] [ WARN ] [BD:34] La base de datos puede que ya esté siendo utilizada: "C:/Users/diego/C2ClinicaOdontologica.mv.db". Soluciones Posibles: cierre todas las otras conexiones; use el modo server
Database may be already in use: "C:/Users/diego/C2ClinicaOdontologica.mv.db". Possible solutions: close all other connection(s); use the server mode [90020-224]
[2024-05-20 21:31:24] [ ERROR] [OdontologoDaoH2:39] La base de datos puede que ya esté siendo utilizada: "C:/Users/diego/C2ClinicaOdontologica.mv.db". Soluciones Posibles: cierre todas las otras conexiones; use el modo server
Database may be already in use: "C:/Users/diego/C2ClinicaOdontologica.mv.db". Possible solutions: close all other connection(s); use the server mode [90020-224]
[2024-05-20 21:31:24] [ ERROR] [OdontologoDaoH2:39] La base de datos puede que ya esté siendo utilizada: "C:/Users/diego/C2ClinicaOdontologica.mv.db". Soluciones Posibles: cierre todas las otras conexiones; use el modo server
Database may be already in use: "C:/Users/diego/C2ClinicaOdontologica.mv.db". Possible solutions: close all other connection(s); use the server mode [90020-224]
[2024-05-20 21:31:24] [ INFO ] [PacienteDAOH2:22] iniciando la operacion de guardado
[2024-05-20 21:31:24] [ ERROR] [DomicilioDaoH2:39] La base de datos puede que ya esté siendo utilizada: "C:/Users/diego/C2ClinicaOdontologica.mv.db". Soluciones Posibles: cierre todas las otras conexiones; use el modo server
Database may be already in use: "C:/Users/diego/C2ClinicaOdontologica.mv.db". Possible solutions: close all other connection(s); use the server mode [90020-224]
[2024-05-20 21:31:24] [ ERROR] [PacienteDAOH2:41] La base de datos puede que ya esté siendo utilizada: "C:/Users/diego/C2ClinicaOdontologica.mv.db". Soluciones Posibles: cierre todas las otras conexiones; use el modo server
Database may be already in use: "C:/Users/diego/C2ClinicaOdontologica.mv.db". Possible solutions: close all other connection(s); use the server mode [90020-224]
[2024-05-21 12:56:41] [ INFO ] [BD:31] tabla creada con exito
[2024-05-21 12:56:41] [ INFO ] [OdontologoDaoH2:35] Odontologo guardado exitosamente
[2024-05-21 12:56:41] [ INFO ] [OdontologoDaoH2:35] Odontologo guardado exitosamente
[2024-05-21 12:56:41] [ INFO ] [OdontologoDaoH2:46] iniciando la busqueda de un paciente por id: 2
[2024-05-21 12:57:32] [ INFO ] [BD:31] tabla creada con exito
[2024-05-21 12:57:32] [ INFO ] [OdontologoDaoH2:35] Odontologo guardado exitosamente
[2024-05-21 12:57:32] [ INFO ] [OdontologoDaoH2:35] Odontologo guardado exitosamente
[2024-05-21 12:57:32] [ INFO ] [OdontologoDaoH2:46] iniciando la busqueda de un paciente por id: 2
[2024-05-21 13:00:32] [ INFO ] [BD:31] tabla creada con exito
[2024-05-21 13:00:32] [ INFO ] [OdontologoDaoH2:35] Odontologo guardado exitosamente
[2024-05-21 13:00:32] [ INFO ] [OdontologoDaoH2:35] Odontologo guardado exitosamente
[2024-05-21 13:00:32] [ INFO ] [OdontologoDaoH2:46] iniciando la busqueda de un paciente por id: 2
[2024-05-21 13:03:19] [ INFO ] [BD:31] tabla creada con exito
[2024-05-21 13:03:19] [ INFO ] [OdontologoDaoH2:35] Odontologo guardado exitosamente
[2024-05-21 13:03:19] [ INFO ] [OdontologoDaoH2:35] Odontologo guardado exitosamente
[2024-05-21 13:03:19] [ INFO ] [OdontologoDaoH2:109] Odontologos buscados exitosamente!
[2024-05-21 13:04:12] [ INFO ] [BD:31] tabla creada con exito
[2024-05-21 13:04:12] [ INFO ] [OdontologoDaoH2:35] Odontologo guardado exitosamente
[2024-05-21 13:04:12] [ INFO ] [OdontologoDaoH2:35] Odontologo guardado exitosamente
[2024-05-21 13:04:12] [ INFO ] [OdontologoDaoH2:46] iniciando la busqueda de un odontologo por id: 2
[2024-05-21 13:04:12] [ INFO ] [OdontologoDaoH2:109] Odontologos buscados exitosamente!
[2024-05-21 13:13:13] [ INFO ] [BD:31] tabla creada con exito
[2024-05-21 13:13:13] [ INFO ] [OdontologoDaoH2:35] Odontologo guardado exitosamente
[2024-05-21 13:13:13] [ INFO ] [OdontologoDaoH2:35] Odontologo guardado exitosamente
[2024-05-21 13:13:39] [ INFO ] [BD:31] tabla creada con exito
[2024-05-21 13:13:39] [ INFO ] [OdontologoDaoH2:35] Odontologo guardado exitosamente
[2024-05-21 13:13:39] [ INFO ] [OdontologoDaoH2:35] Odontologo guardado exitosamente
[2024-05-21 13:13:39] [ INFO ] [PacienteDAOH2:22] iniciando la operacion de guardado
[2024-05-21 13:13:39] [ INFO ] [DomicilioDaoH2:36] Domicilio guardado exitosamente
[2024-05-21 13:13:39] [ INFO ] [PacienteDAOH2:38] Paciente guardado exitosamente!
[2024-05-21 13:16:57] [ INFO ] [DomicilioDaoH2:36] Domicilio guardado exitosamente
[2024-05-21 13:16:57] [ INFO ] [BD:31] tabla creada con exito
[2024-05-21 13:16:57] [ INFO ] [OdontologoDaoH2:35] Odontologo guardado exitosamente
[2024-05-21 13:16:57] [ INFO ] [OdontologoDaoH2:35] Odontologo guardado exitosamente
[2024-05-21 13:16:57] [ INFO ] [OdontologoDaoH2:109] Odontologos buscados exitosamente!
[2024-05-21 13:16:57] [ INFO ] [PacienteDAOH2:22] iniciando la operacion de guardado
[2024-05-21 13:16:57] [ INFO ] [DomicilioDaoH2:36] Domicilio guardado exitosamente
[2024-05-21 13:16:57] [ INFO ] [PacienteDAOH2:38] Paciente guardado exitosamente!
